@@@ Unified Memory contents hex on left, decimal on right: 
@@@
@@@ mem[    0] = 000012b700001237 : 20577188319799
@@@ mem[    8] = 0000133700828293 : 21126952682131
@@@ mem[   16] = 0020051301030313 : 9012778434233107
@@@ mem[   24] = 0022202300100113 : 9605483905155347
@@@ mem[   32] = 000221030022a023 : 599246724309027
@@@ mem[   40] = 002181b30002a183 : 9431280030753155
@@@ mem[   48] = 0082829300820213 : 36735314852708883
@@@ mem[   56] = 0105259300150513 : 73506282213278995
@@@ mem[   64] = 0083031300332023 : 36876602091708451
@@@ mem[   72] = 0000000010500073 : 273678451
@@@
@@@ mem[ 4096] = 0000000000000001 : 1
@@@ mem[ 4104] = 0000000000000001 : 1
@@@ mem[ 4112] = 0000000000000002 : 2
@@@
@@@
@@@ System halted on WFI instruction
@@@
